<?xml version="1.0" encoding="UTF-8"?>
<!-- Generated by org.testng.reporters.JUnitReportReporter -->
<testsuite hostname="DESKTOP-24RHBDF" failures="0" tests="2" name="Testng.testing.FirstTest" time="0.023" errors="0" timestamp="2022-03-23T17:02:43 IST" skipped="0">
  <testcase classname="Testng.testing.FirstTest" name="test2" time="0.005"/>
  <system-out/>
  <testcase classname="Testng.testing.FirstTest" name="test1" time="0.018"/>
  <system-out/>
</testsuite> <!-- Testng.testing.FirstTest -->
