<?xml version="1.0" encoding="UTF-8"?>
<!-- Generated by org.testng.reporters.JUnitReportReporter -->
<testsuite hostname="DESKTOP-24RHBDF" failures="0" tests="2" name="Testng.testing.DataTest" time="90.656" errors="0" timestamp="2022-03-24T15:12:22 IST" skipped="0">
  <testcase classname="Testng.testing.DataTest" name="test" time="41.812"/>
  <system-out/>
  <testcase classname="Testng.testing.DataTest" name="test" time="48.844"/>
  <system-out/>
</testsuite> <!-- Testng.testing.DataTest -->
