<?xml version="1.0" encoding="UTF-8"?>
<!-- Generated by org.testng.reporters.JUnitReportReporter -->
<testsuite hostname="DESKTOP-24RHBDF" failures="0" tests="2" name="Testng.testing.NewTest" time="15.530" errors="0" timestamp="2022-03-23T15:16:25 IST" skipped="0">
  <testcase classname="Testng.testing.NewTest" name="test2" time="8.175"/>
  <system-out/>
  <testcase classname="Testng.testing.NewTest" name="test1" time="7.355"/>
  <system-out/>
</testsuite> <!-- Testng.testing.NewTest -->
