<?xml version="1.0" encoding="UTF-8"?>
<!-- Generated by org.testng.reporters.JUnitReportReporter -->
<testsuite hostname="DESKTOP-24RHBDF" failures="0" tests="1" name="Testng.testing.SecondTest" time="0.003" errors="0" timestamp="2022-03-23T17:02:43 IST" skipped="0">
  <testcase classname="Testng.testing.SecondTest" name="test4" time="0.003"/>
  <system-out/>
</testsuite> <!-- Testng.testing.SecondTest -->
