<?xml version="1.0" encoding="UTF-8"?>
<!-- Generated by org.testng.reporters.JUnitReportReporter -->
<testsuite hostname="DESKTOP-24RHBDF" failures="0" tests="1" name="Testng.testing.NewTest1" time="0.024" errors="0" timestamp="2022-03-23T15:07:10 IST" skipped="0">
  <testcase classname="Testng.testing.NewTest1" name="f" time="0.024"/>
  <system-out/>
</testsuite> <!-- Testng.testing.NewTest1 -->
