<?xml version="1.0" encoding="UTF-8"?>
<!-- Generated by org.testng.reporters.JUnitReportReporter -->
<testsuite hostname="DESKTOP-24RHBDF" failures="0" tests="7" name="Testng.testing.Flight" time="0.039" errors="0" timestamp="2022-03-23T15:36:16 IST" skipped="0">
  <testcase classname="Testng.testing.Flight" name="signUp" time="0.013"/>
  <system-out/>
  <testcase classname="Testng.testing.Flight" name="signIn" time="0.005"/>
  <system-out/>
  <testcase classname="Testng.testing.Flight" name="seachTicket" time="0.006"/>
  <system-out/>
  <testcase classname="Testng.testing.Flight" name="bookTicket" time="0.006"/>
  <system-out/>
  <testcase classname="Testng.testing.Flight" name="saveTicket" time="0.002"/>
  <system-out/>
  <testcase classname="Testng.testing.Flight" name="payTicket" time="0.001"/>
  <system-out/>
  <testcase classname="Testng.testing.Flight" name="logOut" time="0.006"/>
  <system-out/>
</testsuite> <!-- Testng.testing.Flight -->
